KibanImporter Information: 0 : 2022/03/01 22:20:53 : InputFiles=System.Collections.Generic.List`1[System.String]
OutWorkspace=G:\マイドライブ\QGIS\99_遊び\神田\神田_再開発.gdb
DatumForMerge=JGD2011
IsMerge=True
IsMergeDEM5m=False
IsCancel=False
KibanImporter Information: 0 : 2022/03/01 22:20:57 : 開始時間:2022/03/01 22:20:57
KibanImporter Information: 0 : 2022/03/01 22:20:57 : G:\マイドライブ\QGIS\99_遊び\神田\00_data\千代田区_基盤地図\PackDLMap\FG-GML-533936-ALL-20220101.zip/FG-GML-533936-AdmArea-20220101-0001.xml を処理しています
KibanImporter Information: 0 : 2022/03/01 22:20:57 : フィーチャクラスを作成しています:AdmArea
KibanImporter Information: 0 : 2022/03/01 22:20:57 : management.CreateFeatureclass G:\マイドライブ\QGIS\99_遊び\神田\神田_再開発.gdb,AdmArea,Polygon,C:\Users\Hironobu Kasuga\AppData\Local\ESRI\ArcGISPro\AssemblyCache\{40c18823-2eed-40b2-a164-191e61a88de8}\template\FGD.gdb\AdmArea,DISABLED,DISABLED,6668,,,,,行政区画
KibanImporter Information: 0 : 2022/03/01 22:21:12 : レコードを追加しています
KibanImporter Information: 0 : 2022/03/01 22:21:14 : G:\マイドライブ\QGIS\99_遊び\神田\00_data\千代田区_基盤地図\PackDLMap\FG-GML-533936-ALL-20220101.zip/FG-GML-533936-AdmBdry-20220101-0001.xml を処理しています
KibanImporter Information: 0 : 2022/03/01 22:21:14 : フィーチャクラスを作成しています:AdmBdry
KibanImporter Information: 0 : 2022/03/01 22:21:14 : management.CreateFeatureclass G:\マイドライブ\QGIS\99_遊び\神田\神田_再開発.gdb,AdmBdry,Polyline,C:\Users\Hironobu Kasuga\AppData\Local\ESRI\ArcGISPro\AssemblyCache\{40c18823-2eed-40b2-a164-191e61a88de8}\template\FGD.gdb\AdmBdry,DISABLED,DISABLED,6668,,,,,行政区画界線
KibanImporter Information: 0 : 2022/03/01 22:21:23 : レコードを追加しています
KibanImporter Information: 0 : 2022/03/01 22:21:25 : G:\マイドライブ\QGIS\99_遊び\神田\00_data\千代田区_基盤地図\PackDLMap\FG-GML-533936-ALL-20220101.zip/FG-GML-533936-AdmPt-20220101-0001.xml を処理しています
KibanImporter Information: 0 : 2022/03/01 22:21:25 : フィーチャクラスを作成しています:AdmPt
KibanImporter Information: 0 : 2022/03/01 22:21:25 : management.CreateFeatureclass G:\マイドライブ\QGIS\99_遊び\神田\神田_再開発.gdb,AdmPt,Point,C:\Users\Hironobu Kasuga\AppData\Local\ESRI\ArcGISPro\AssemblyCache\{40c18823-2eed-40b2-a164-191e61a88de8}\template\FGD.gdb\AdmPt,DISABLED,DISABLED,6668,,,,,行政区画代表点
KibanImporter Information: 0 : 2022/03/01 22:21:35 : レコードを追加しています
KibanImporter Information: 0 : 2022/03/01 22:21:36 : G:\マイドライブ\QGIS\99_遊び\神田\00_data\千代田区_基盤地図\PackDLMap\FG-GML-533936-ALL-20220101.zip/FG-GML-533936-BldA-20220101-0001.xml を処理しています
KibanImporter Information: 0 : 2022/03/01 22:21:36 : フィーチャクラスを作成しています:BldA
KibanImporter Information: 0 : 2022/03/01 22:21:36 : management.CreateFeatureclass G:\マイドライブ\QGIS\99_遊び\神田\神田_再開発.gdb,BldA,Polygon,C:\Users\Hironobu Kasuga\AppData\Local\ESRI\ArcGISPro\AssemblyCache\{40c18823-2eed-40b2-a164-191e61a88de8}\template\FGD.gdb\BldA,DISABLED,DISABLED,6668,,,,,建築物
KibanImporter Information: 0 : 2022/03/01 22:21:46 : レコードを追加しています
KibanImporter Information: 0 : 2022/03/01 22:22:52 : G:\マイドライブ\QGIS\99_遊び\神田\00_data\千代田区_基盤地図\PackDLMap\FG-GML-533936-ALL-20220101.zip/FG-GML-533936-BldL-20220101-0001.xml を処理しています
KibanImporter Information: 0 : 2022/03/01 22:22:52 : フィーチャクラスを作成しています:BldL
KibanImporter Information: 0 : 2022/03/01 22:22:52 : management.CreateFeatureclass G:\マイドライブ\QGIS\99_遊び\神田\神田_再開発.gdb,BldL,Polyline,C:\Users\Hironobu Kasuga\AppData\Local\ESRI\ArcGISPro\AssemblyCache\{40c18823-2eed-40b2-a164-191e61a88de8}\template\FGD.gdb\BldL,DISABLED,DISABLED,6668,,,,,建築物の外周線
KibanImporter Information: 0 : 2022/03/01 22:23:04 : レコードを追加しています
KibanImporter Information: 0 : 2022/03/01 22:24:09 : G:\マイドライブ\QGIS\99_遊び\神田\00_data\千代田区_基盤地図\PackDLMap\FG-GML-533936-ALL-20220101.zip/FG-GML-533936-Cntr-20220101-0001.xml を処理しています
KibanImporter Information: 0 : 2022/03/01 22:24:09 : フィーチャクラスを作成しています:Cntr
KibanImporter Information: 0 : 2022/03/01 22:24:09 : management.CreateFeatureclass G:\マイドライブ\QGIS\99_遊び\神田\神田_再開発.gdb,Cntr,Polyline,C:\Users\Hironobu Kasuga\AppData\Local\ESRI\ArcGISPro\AssemblyCache\{40c18823-2eed-40b2-a164-191e61a88de8}\template\FGD.gdb\Cntr,DISABLED,DISABLED,6668,,,,,等高線
KibanImporter Information: 0 : 2022/03/01 22:24:22 : レコードを追加しています
KibanImporter Information: 0 : 2022/03/01 22:24:24 : G:\マイドライブ\QGIS\99_遊び\神田\00_data\千代田区_基盤地図\PackDLMap\FG-GML-533936-ALL-20220101.zip/FG-GML-533936-CommBdry-20220101-0001.xml を処理しています
KibanImporter Information: 0 : 2022/03/01 22:24:24 : フィーチャクラスを作成しています:CommBdry
KibanImporter Information: 0 : 2022/03/01 22:24:24 : management.CreateFeatureclass G:\マイドライブ\QGIS\99_遊び\神田\神田_再開発.gdb,CommBdry,Polyline,C:\Users\Hironobu Kasuga\AppData\Local\ESRI\ArcGISPro\AssemblyCache\{40c18823-2eed-40b2-a164-191e61a88de8}\template\FGD.gdb\CommBdry,DISABLED,DISABLED,6668,,,,,町字界線
KibanImporter Information: 0 : 2022/03/01 22:24:39 : レコードを追加しています
KibanImporter Information: 0 : 2022/03/01 22:24:42 : G:\マイドライブ\QGIS\99_遊び\神田\00_data\千代田区_基盤地図\PackDLMap\FG-GML-533936-ALL-20220101.zip/FG-GML-533936-CommPt-20220101-0001.xml を処理しています
KibanImporter Information: 0 : 2022/03/01 22:24:42 : フィーチャクラスを作成しています:CommPt
KibanImporter Information: 0 : 2022/03/01 22:24:42 : management.CreateFeatureclass G:\マイドライブ\QGIS\99_遊び\神田\神田_再開発.gdb,CommPt,Point,C:\Users\Hironobu Kasuga\AppData\Local\ESRI\ArcGISPro\AssemblyCache\{40c18823-2eed-40b2-a164-191e61a88de8}\template\FGD.gdb\CommPt,DISABLED,DISABLED,6668,,,,,町字の代表点
KibanImporter Information: 0 : 2022/03/01 22:24:57 : レコードを追加しています
KibanImporter Information: 0 : 2022/03/01 22:24:59 : G:\マイドライブ\QGIS\99_遊び\神田\00_data\千代田区_基盤地図\PackDLMap\FG-GML-533936-ALL-20220101.zip/FG-GML-533936-Cstline-20220101-0001.xml を処理しています
KibanImporter Information: 0 : 2022/03/01 22:24:59 : フィーチャクラスを作成しています:Cstline
KibanImporter Information: 0 : 2022/03/01 22:24:59 : management.CreateFeatureclass G:\マイドライブ\QGIS\99_遊び\神田\神田_再開発.gdb,Cstline,Polyline,C:\Users\Hironobu Kasuga\AppData\Local\ESRI\ArcGISPro\AssemblyCache\{40c18823-2eed-40b2-a164-191e61a88de8}\template\FGD.gdb\Cstline,DISABLED,DISABLED,6668,,,,,海岸線
KibanImporter Information: 0 : 2022/03/01 22:25:16 : レコードを追加しています
KibanImporter Information: 0 : 2022/03/01 22:25:18 : G:\マイドライブ\QGIS\99_遊び\神田\00_data\千代田区_基盤地図\PackDLMap\FG-GML-533936-ALL-20220101.zip/FG-GML-533936-ElevPt-20220101-0001.xml を処理しています
KibanImporter Information: 0 : 2022/03/01 22:25:18 : フィーチャクラスを作成しています:ElevPt
KibanImporter Information: 0 : 2022/03/01 22:25:18 : management.CreateFeatureclass G:\マイドライブ\QGIS\99_遊び\神田\神田_再開発.gdb,ElevPt,Point,C:\Users\Hironobu Kasuga\AppData\Local\ESRI\ArcGISPro\AssemblyCache\{40c18823-2eed-40b2-a164-191e61a88de8}\template\FGD.gdb\ElevPt,DISABLED,DISABLED,6668,,,,,標高点
KibanImporter Information: 0 : 2022/03/01 22:25:36 : レコードを追加しています
KibanImporter Information: 0 : 2022/03/01 22:25:38 : G:\マイドライブ\QGIS\99_遊び\神田\00_data\千代田区_基盤地図\PackDLMap\FG-GML-533936-ALL-20220101.zip/FG-GML-533936-GCP-20220101-0001.xml を処理しています
KibanImporter Information: 0 : 2022/03/01 22:25:38 : フィーチャクラスを作成しています:GCP
KibanImporter Information: 0 : 2022/03/01 22:25:38 : management.CreateFeatureclass G:\マイドライブ\QGIS\99_遊び\神田\神田_再開発.gdb,GCP,Point,C:\Users\Hironobu Kasuga\AppData\Local\ESRI\ArcGISPro\AssemblyCache\{40c18823-2eed-40b2-a164-191e61a88de8}\template\FGD.gdb\GCP,DISABLED,DISABLED,6668,,,,,測量の基準点
KibanImporter Information: 0 : 2022/03/01 22:25:58 : レコードを追加しています
KibanImporter Information: 0 : 2022/03/01 22:25:59 : G:\マイドライブ\QGIS\99_遊び\神田\00_data\千代田区_基盤地図\PackDLMap\FG-GML-533936-ALL-20220101.zip/FG-GML-533936-RailCL-20220101-0001.xml を処理しています
KibanImporter Information: 0 : 2022/03/01 22:25:59 : フィーチャクラスを作成しています:RailCL
KibanImporter Information: 0 : 2022/03/01 22:25:59 : management.CreateFeatureclass G:\マイドライブ\QGIS\99_遊び\神田\神田_再開発.gdb,RailCL,Polyline,C:\Users\Hironobu Kasuga\AppData\Local\ESRI\ArcGISPro\AssemblyCache\{40c18823-2eed-40b2-a164-191e61a88de8}\template\FGD.gdb\RailCL,DISABLED,DISABLED,6668,,,,,軌道の中心線
KibanImporter Information: 0 : 2022/03/01 22:26:20 : レコードを追加しています
KibanImporter Information: 0 : 2022/03/01 22:26:27 : G:\マイドライブ\QGIS\99_遊び\神田\00_data\千代田区_基盤地図\PackDLMap\FG-GML-533936-ALL-20220101.zip/FG-GML-533936-RdCompt-20220101-0001.xml を処理しています
KibanImporter Information: 0 : 2022/03/01 22:26:27 : フィーチャクラスを作成しています:RdCompt
KibanImporter Information: 0 : 2022/03/01 22:26:27 : management.CreateFeatureclass G:\マイドライブ\QGIS\99_遊び\神田\神田_再開発.gdb,RdCompt,Polyline,C:\Users\Hironobu Kasuga\AppData\Local\ESRI\ArcGISPro\AssemblyCache\{40c18823-2eed-40b2-a164-191e61a88de8}\template\FGD.gdb\RdCompt,DISABLED,DISABLED,6668,,,,,道路構成線
KibanImporter Information: 0 : 2022/03/01 22:26:48 : レコードを追加しています
KibanImporter Information: 0 : 2022/03/01 22:27:07 : G:\マイドライブ\QGIS\99_遊び\神田\00_data\千代田区_基盤地図\PackDLMap\FG-GML-533936-ALL-20220101.zip/FG-GML-533936-RdEdg-20220101-0001.xml を処理しています
KibanImporter Information: 0 : 2022/03/01 22:27:07 : フィーチャクラスを作成しています:RdEdg
KibanImporter Information: 0 : 2022/03/01 22:27:08 : management.CreateFeatureclass G:\マイドライブ\QGIS\99_遊び\神田\神田_再開発.gdb,RdEdg,Polyline,C:\Users\Hironobu Kasuga\AppData\Local\ESRI\ArcGISPro\AssemblyCache\{40c18823-2eed-40b2-a164-191e61a88de8}\template\FGD.gdb\RdEdg,DISABLED,DISABLED,6668,,,,,道路縁
KibanImporter Information: 0 : 2022/03/01 22:27:30 : レコードを追加しています
KibanImporter Information: 0 : 2022/03/01 22:28:17 : G:\マイドライブ\QGIS\99_遊び\神田\00_data\千代田区_基盤地図\PackDLMap\FG-GML-533936-ALL-20220101.zip/FG-GML-533936-WA-20220101-0001.xml を処理しています
KibanImporter Information: 0 : 2022/03/01 22:28:17 : フィーチャクラスを作成しています:WA
KibanImporter Information: 0 : 2022/03/01 22:28:17 : management.CreateFeatureclass G:\マイドライブ\QGIS\99_遊び\神田\神田_再開発.gdb,WA,Polygon,C:\Users\Hironobu Kasuga\AppData\Local\ESRI\ArcGISPro\AssemblyCache\{40c18823-2eed-40b2-a164-191e61a88de8}\template\FGD.gdb\WA,DISABLED,DISABLED,6668,,,,,水域
KibanImporter Information: 0 : 2022/03/01 22:28:40 : レコードを追加しています
KibanImporter Information: 0 : 2022/03/01 22:28:44 : G:\マイドライブ\QGIS\99_遊び\神田\00_data\千代田区_基盤地図\PackDLMap\FG-GML-533936-ALL-20220101.zip/FG-GML-533936-WL-20220101-0001.xml を処理しています
KibanImporter Information: 0 : 2022/03/01 22:28:44 : フィーチャクラスを作成しています:WL
KibanImporter Information: 0 : 2022/03/01 22:28:44 : management.CreateFeatureclass G:\マイドライブ\QGIS\99_遊び\神田\神田_再開発.gdb,WL,Polyline,C:\Users\Hironobu Kasuga\AppData\Local\ESRI\ArcGISPro\AssemblyCache\{40c18823-2eed-40b2-a164-191e61a88de8}\template\FGD.gdb\WL,DISABLED,DISABLED,6668,,,,,水涯線
KibanImporter Information: 0 : 2022/03/01 22:29:08 : レコードを追加しています
KibanImporter Information: 0 : 2022/03/01 22:29:13 : G:\マイドライブ\QGIS\99_遊び\神田\00_data\千代田区_基盤地図\PackDLMap\FG-GML-533936-ALL-20220101.zip/FG-GML-533936-WStrA-20220101-0001.xml を処理しています
KibanImporter Information: 0 : 2022/03/01 22:29:14 : フィーチャクラスを作成しています:WStrA
KibanImporter Information: 0 : 2022/03/01 22:29:14 : management.CreateFeatureclass G:\マイドライブ\QGIS\99_遊び\神田\神田_再開発.gdb,WStrA,Polygon,C:\Users\Hironobu Kasuga\AppData\Local\ESRI\ArcGISPro\AssemblyCache\{40c18823-2eed-40b2-a164-191e61a88de8}\template\FGD.gdb\WStrA,DISABLED,DISABLED,6668,,,,,水部構造物面
KibanImporter Information: 0 : 2022/03/01 22:29:40 : レコードを追加しています
KibanImporter Information: 0 : 2022/03/01 22:29:43 : G:\マイドライブ\QGIS\99_遊び\神田\00_data\千代田区_基盤地図\PackDLMap\FG-GML-533936-ALL-20220101.zip/FG-GML-533936-WStrL-20220101-0001.xml を処理しています
KibanImporter Information: 0 : 2022/03/01 22:29:43 : フィーチャクラスを作成しています:WStrL
KibanImporter Information: 0 : 2022/03/01 22:29:43 : management.CreateFeatureclass G:\マイドライブ\QGIS\99_遊び\神田\神田_再開発.gdb,WStrL,Polyline,C:\Users\Hironobu Kasuga\AppData\Local\ESRI\ArcGISPro\AssemblyCache\{40c18823-2eed-40b2-a164-191e61a88de8}\template\FGD.gdb\WStrL,DISABLED,DISABLED,6668,,,,,水部構造物線
KibanImporter Information: 0 : 2022/03/01 22:30:10 : レコードを追加しています
KibanImporter Information: 0 : 2022/03/01 22:30:19 : G:\マイドライブ\QGIS\99_遊び\神田\00_data\千代田区_基盤地図\PackDLMap\FG-GML-533945-ALL-20211001.zip/FG-GML-533945-AdmArea-20211001-0001.xml を処理しています
KibanImporter Information: 0 : 2022/03/01 22:30:19 : レコードを追加しています
KibanImporter Information: 0 : 2022/03/01 22:30:21 : G:\マイドライブ\QGIS\99_遊び\神田\00_data\千代田区_基盤地図\PackDLMap\FG-GML-533945-ALL-20211001.zip/FG-GML-533945-AdmBdry-20211001-0001.xml を処理しています
KibanImporter Information: 0 : 2022/03/01 22:30:21 : レコードを追加しています
KibanImporter Information: 0 : 2022/03/01 22:30:26 : G:\マイドライブ\QGIS\99_遊び\神田\00_data\千代田区_基盤地図\PackDLMap\FG-GML-533945-ALL-20211001.zip/FG-GML-533945-AdmPt-20211001-0001.xml を処理しています
KibanImporter Information: 0 : 2022/03/01 22:30:26 : レコードを追加しています
KibanImporter Information: 0 : 2022/03/01 22:30:28 : G:\マイドライブ\QGIS\99_遊び\神田\00_data\千代田区_基盤地図\PackDLMap\FG-GML-533945-ALL-20211001.zip/FG-GML-533945-BldA-20211001-0001.xml を処理しています
KibanImporter Information: 0 : 2022/03/01 22:30:28 : レコードを追加しています
KibanImporter Information: 0 : 2022/03/01 22:36:40 : G:\マイドライブ\QGIS\99_遊び\神田\00_data\千代田区_基盤地図\PackDLMap\FG-GML-533945-ALL-20211001.zip/FG-GML-533945-BldA-20211001-0002.xml を処理しています
KibanImporter Information: 0 : 2022/03/01 22:36:40 : レコードを追加しています
KibanImporter Information: 0 : 2022/03/01 22:44:20 : G:\マイドライブ\QGIS\99_遊び\神田\00_data\千代田区_基盤地図\PackDLMap\FG-GML-533945-ALL-20211001.zip/FG-GML-533945-BldA-20211001-0003.xml を処理しています
KibanImporter Information: 0 : 2022/03/01 22:44:20 : レコードを追加しています
KibanImporter Information: 0 : 2022/03/01 22:57:08 : G:\マイドライブ\QGIS\99_遊び\神田\00_data\千代田区_基盤地図\PackDLMap\FG-GML-533945-ALL-20211001.zip/FG-GML-533945-BldA-20211001-0004.xml を処理しています
KibanImporter Information: 0 : 2022/03/01 22:57:08 : レコードを追加しています
KibanImporter Information: 0 : 2022/03/01 23:03:06 : G:\マイドライブ\QGIS\99_遊び\神田\00_data\千代田区_基盤地図\PackDLMap\FG-GML-533945-ALL-20211001.zip/FG-GML-533945-BldL-20211001-0001.xml を処理しています
KibanImporter Information: 0 : 2022/03/01 23:03:06 : レコードを追加しています
KibanImporter Information: 0 : 2022/03/01 23:23:59 : G:\マイドライブ\QGIS\99_遊び\神田\00_data\千代田区_基盤地図\PackDLMap\FG-GML-533945-ALL-20211001.zip/FG-GML-533945-Cntr-20211001-0001.xml を処理しています
KibanImporter Information: 0 : 2022/03/01 23:23:59 : レコードを追加しています
KibanImporter Information: 0 : 2022/03/01 23:24:07 : G:\マイドライブ\QGIS\99_遊び\神田\00_data\千代田区_基盤地図\PackDLMap\FG-GML-533945-ALL-20211001.zip/FG-GML-533945-CommBdry-20211001-0001.xml を処理しています
KibanImporter Information: 0 : 2022/03/01 23:24:07 : レコードを追加しています
KibanImporter Information: 0 : 2022/03/01 23:24:19 : G:\マイドライブ\QGIS\99_遊び\神田\00_data\千代田区_基盤地図\PackDLMap\FG-GML-533945-ALL-20211001.zip/FG-GML-533945-CommPt-20211001-0001.xml を処理しています
KibanImporter Information: 0 : 2022/03/01 23:24:19 : レコードを追加しています
KibanImporter Information: 0 : 2022/03/01 23:24:22 : G:\マイドライブ\QGIS\99_遊び\神田\00_data\千代田区_基盤地図\PackDLMap\FG-GML-533945-ALL-20211001.zip/FG-GML-533945-ElevPt-20211001-0001.xml を処理しています
KibanImporter Information: 0 : 2022/03/01 23:24:22 : レコードを追加しています
KibanImporter Information: 0 : 2022/03/01 23:24:25 : G:\マイドライブ\QGIS\99_遊び\神田\00_data\千代田区_基盤地図\PackDLMap\FG-GML-533945-ALL-20211001.zip/FG-GML-533945-GCP-20211001-0001.xml を処理しています
KibanImporter Information: 0 : 2022/03/01 23:24:25 : レコードを追加しています
KibanImporter Information: 0 : 2022/03/01 23:24:27 : G:\マイドライブ\QGIS\99_遊び\神田\00_data\千代田区_基盤地図\PackDLMap\FG-GML-533945-ALL-20211001.zip/FG-GML-533945-RailCL-20211001-0001.xml を処理しています
KibanImporter Information: 0 : 2022/03/01 23:24:27 : レコードを追加しています
KibanImporter Information: 0 : 2022/03/01 23:24:39 : G:\マイドライブ\QGIS\99_遊び\神田\00_data\千代田区_基盤地図\PackDLMap\FG-GML-533945-ALL-20211001.zip/FG-GML-533945-RdCompt-20211001-0001.xml を処理しています
KibanImporter Information: 0 : 2022/03/01 23:24:39 : レコードを追加しています
KibanImporter Information: 0 : 2022/03/01 23:25:28 : G:\マイドライブ\QGIS\99_遊び\神田\00_data\千代田区_基盤地図\PackDLMap\FG-GML-533945-ALL-20211001.zip/FG-GML-533945-RdEdg-20211001-0001.xml を処理しています
KibanImporter Information: 0 : 2022/03/01 23:25:28 : レコードを追加しています
KibanImporter Information: 0 : 2022/03/01 23:27:41 : G:\マイドライブ\QGIS\99_遊び\神田\00_data\千代田区_基盤地図\PackDLMap\FG-GML-533945-ALL-20211001.zip/FG-GML-533945-WA-20211001-0001.xml を処理しています
KibanImporter Information: 0 : 2022/03/01 23:27:41 : レコードを追加しています
KibanImporter Information: 0 : 2022/03/01 23:27:45 : G:\マイドライブ\QGIS\99_遊び\神田\00_data\千代田区_基盤地図\PackDLMap\FG-GML-533945-ALL-20211001.zip/FG-GML-533945-WL-20211001-0001.xml を処理しています
KibanImporter Information: 0 : 2022/03/01 23:27:45 : レコードを追加しています
KibanImporter Information: 0 : 2022/03/01 23:27:50 : G:\マイドライブ\QGIS\99_遊び\神田\00_data\千代田区_基盤地図\PackDLMap\FG-GML-533945-ALL-20211001.zip/FG-GML-533945-WStrA-20211001-0001.xml を処理しています
KibanImporter Information: 0 : 2022/03/01 23:27:50 : レコードを追加しています
KibanImporter Information: 0 : 2022/03/01 23:27:52 : G:\マイドライブ\QGIS\99_遊び\神田\00_data\千代田区_基盤地図\PackDLMap\FG-GML-533945-ALL-20211001.zip/FG-GML-533945-WStrL-20211001-0001.xml を処理しています
KibanImporter Information: 0 : 2022/03/01 23:27:52 : レコードを追加しています
KibanImporter Information: 0 : 2022/03/01 23:27:54 : G:\マイドライブ\QGIS\99_遊び\神田\00_data\千代田区_基盤地図\PackDLMap\FG-GML-533946-ALL-20220101.zip/FG-GML-533946-AdmArea-20220101-0001.xml を処理しています
KibanImporter Information: 0 : 2022/03/01 23:27:54 : レコードを追加しています
KibanImporter Information: 0 : 2022/03/01 23:27:57 : G:\マイドライブ\QGIS\99_遊び\神田\00_data\千代田区_基盤地図\PackDLMap\FG-GML-533946-ALL-20220101.zip/FG-GML-533946-AdmBdry-20220101-0001.xml を処理しています
KibanImporter Information: 0 : 2022/03/01 23:27:57 : レコードを追加しています
KibanImporter Information: 0 : 2022/03/01 23:28:01 : G:\マイドライブ\QGIS\99_遊び\神田\00_data\千代田区_基盤地図\PackDLMap\FG-GML-533946-ALL-20220101.zip/FG-GML-533946-AdmPt-20220101-0001.xml を処理しています
KibanImporter Information: 0 : 2022/03/01 23:28:01 : レコードを追加しています
KibanImporter Information: 0 : 2022/03/01 23:28:04 : G:\マイドライブ\QGIS\99_遊び\神田\00_data\千代田区_基盤地図\PackDLMap\FG-GML-533946-ALL-20220101.zip/FG-GML-533946-BldA-20220101-0001.xml を処理しています
KibanImporter Information: 0 : 2022/03/01 23:28:04 : レコードを追加しています
KibanImporter Information: 0 : 2022/03/01 23:34:08 : G:\マイドライブ\QGIS\99_遊び\神田\00_data\千代田区_基盤地図\PackDLMap\FG-GML-533946-ALL-20220101.zip/FG-GML-533946-BldA-20220101-0002.xml を処理しています
KibanImporter Information: 0 : 2022/03/01 23:34:08 : レコードを追加しています
KibanImporter Information: 0 : 2022/03/01 23:40:55 : G:\マイドライブ\QGIS\99_遊び\神田\00_data\千代田区_基盤地図\PackDLMap\FG-GML-533946-ALL-20220101.zip/FG-GML-533946-BldA-20220101-0003.xml を処理しています
KibanImporter Information: 0 : 2022/03/01 23:40:55 : レコードを追加しています
KibanImporter Information: 0 : 2022/03/01 23:47:49 : G:\マイドライブ\QGIS\99_遊び\神田\00_data\千代田区_基盤地図\PackDLMap\FG-GML-533946-ALL-20220101.zip/FG-GML-533946-BldA-20220101-0004.xml を処理しています
KibanImporter Information: 0 : 2022/03/01 23:47:49 : レコードを追加しています
KibanImporter Information: 0 : 2022/03/01 23:50:44 : G:\マイドライブ\QGIS\99_遊び\神田\00_data\千代田区_基盤地図\PackDLMap\FG-GML-533946-ALL-20220101.zip/FG-GML-533946-BldL-20220101-0001.xml を処理しています
KibanImporter Information: 0 : 2022/03/01 23:50:44 : レコードを追加しています
