KibanImporter Information: 0 : 2022/03/02 00:09:21 : G:\マイドライブ\QGIS\99_遊び\神田\00_data\千代田区_基盤地図\PackDLMap\FG-GML-533946-ALL-20220101.zip/FG-GML-533946-Cntr-20220101-0001.xml を処理しています
KibanImporter Information: 0 : 2022/03/02 00:09:21 : レコードを追加しています
KibanImporter Information: 0 : 2022/03/02 00:09:25 : G:\マイドライブ\QGIS\99_遊び\神田\00_data\千代田区_基盤地図\PackDLMap\FG-GML-533946-ALL-20220101.zip/FG-GML-533946-CommBdry-20220101-0001.xml を処理しています
KibanImporter Information: 0 : 2022/03/02 00:09:25 : レコードを追加しています
KibanImporter Information: 0 : 2022/03/02 00:09:36 : G:\マイドライブ\QGIS\99_遊び\神田\00_data\千代田区_基盤地図\PackDLMap\FG-GML-533946-ALL-20220101.zip/FG-GML-533946-CommPt-20220101-0001.xml を処理しています
KibanImporter Information: 0 : 2022/03/02 00:09:37 : レコードを追加しています
KibanImporter Information: 0 : 2022/03/02 00:09:41 : G:\マイドライブ\QGIS\99_遊び\神田\00_data\千代田区_基盤地図\PackDLMap\FG-GML-533946-ALL-20220101.zip/FG-GML-533946-ElevPt-20220101-0001.xml を処理しています
KibanImporter Information: 0 : 2022/03/02 00:09:41 : レコードを追加しています
KibanImporter Information: 0 : 2022/03/02 00:09:43 : G:\マイドライブ\QGIS\99_遊び\神田\00_data\千代田区_基盤地図\PackDLMap\FG-GML-533946-ALL-20220101.zip/FG-GML-533946-GCP-20220101-0001.xml を処理しています
KibanImporter Information: 0 : 2022/03/02 00:09:43 : レコードを追加しています
KibanImporter Information: 0 : 2022/03/02 00:09:46 : G:\マイドライブ\QGIS\99_遊び\神田\00_data\千代田区_基盤地図\PackDLMap\FG-GML-533946-ALL-20220101.zip/FG-GML-533946-RailCL-20220101-0001.xml を処理しています
KibanImporter Information: 0 : 2022/03/02 00:09:46 : レコードを追加しています
KibanImporter Information: 0 : 2022/03/02 00:10:00 : G:\マイドライブ\QGIS\99_遊び\神田\00_data\千代田区_基盤地図\PackDLMap\FG-GML-533946-ALL-20220101.zip/FG-GML-533946-RdCompt-20220101-0001.xml を処理しています
KibanImporter Information: 0 : 2022/03/02 00:10:00 : レコードを追加しています
KibanImporter Information: 0 : 2022/03/02 00:11:25 : G:\マイドライブ\QGIS\99_遊び\神田\00_data\千代田区_基盤地図\PackDLMap\FG-GML-533946-ALL-20220101.zip/FG-GML-533946-RdEdg-20220101-0001.xml を処理しています
KibanImporter Information: 0 : 2022/03/02 00:11:25 : レコードを追加しています
KibanImporter Information: 0 : 2022/03/02 00:13:36 : G:\マイドライブ\QGIS\99_遊び\神田\00_data\千代田区_基盤地図\PackDLMap\FG-GML-533946-ALL-20220101.zip/FG-GML-533946-WA-20220101-0001.xml を処理しています
KibanImporter Information: 0 : 2022/03/02 00:13:36 : レコードを追加しています
KibanImporter Information: 0 : 2022/03/02 00:13:41 : G:\マイドライブ\QGIS\99_遊び\神田\00_data\千代田区_基盤地図\PackDLMap\FG-GML-533946-ALL-20220101.zip/FG-GML-533946-WL-20220101-0001.xml を処理しています
KibanImporter Information: 0 : 2022/03/02 00:13:41 : レコードを追加しています
KibanImporter Information: 0 : 2022/03/02 00:13:48 : G:\マイドライブ\QGIS\99_遊び\神田\00_data\千代田区_基盤地図\PackDLMap\FG-GML-533946-ALL-20220101.zip/FG-GML-533946-WStrA-20220101-0001.xml を処理しています
KibanImporter Information: 0 : 2022/03/02 00:13:48 : レコードを追加しています
KibanImporter Information: 0 : 2022/03/02 00:13:51 : G:\マイドライブ\QGIS\99_遊び\神田\00_data\千代田区_基盤地図\PackDLMap\FG-GML-533946-ALL-20220101.zip/FG-GML-533946-WStrL-20220101-0001.xml を処理しています
KibanImporter Information: 0 : 2022/03/02 00:13:51 : レコードを追加しています
KibanImporter Information: 0 : 2022/03/02 00:13:54 : 完了しました
KibanImporter Information: 0 : 2022/03/02 00:13:54 : 終了時間:2022/03/02 0:13:54 （経過時間:01:52:57）
